<?xml version="1.0" encoding="UTF-8"?>
<testng-results ignored="0" total="3" passed="3" failed="0" skipped="0">
  <reporter-output>
  </reporter-output>
  <suite started-at="2025-02-21T16:23:14 IST" name="Default suite" finished-at="2025-02-21T16:23:14 IST" duration-ms="123">
    <groups>
    </groups>
    <test started-at="2025-02-21T16:23:14 IST" name="Default test" finished-at="2025-02-21T16:23:14 IST" duration-ms="123">
      <class name="misc.SampleReportTest">
        <test-method is-config="true" signature="configBS()[pri:0, instance:misc.SampleReportTest@1d296da]" started-at="2025-02-21T16:23:14 IST" name="configBS" finished-at="2025-02-21T16:23:14 IST" duration-ms="489" status="PASS">
          <reporter-output>
          </reporter-output>
        </test-method> <!-- configBS -->
        <test-method signature="CreateContactTest()[pri:0, instance:misc.SampleReportTest@1d296da]" started-at="2025-02-21T16:23:14 IST" name="CreateContactTest" finished-at="2025-02-21T16:23:14 IST" duration-ms="27" status="PASS">
          <reporter-output>
          </reporter-output>
        </test-method> <!-- CreateContactTest -->
        <test-method signature="CreateContactWithOrg()[pri:0, instance:misc.SampleReportTest@1d296da]" started-at="2025-02-21T16:23:14 IST" name="CreateContactWithOrg" finished-at="2025-02-21T16:23:14 IST" duration-ms="5" status="PASS">
          <reporter-output>
          </reporter-output>
        </test-method> <!-- CreateContactWithOrg -->
        <test-method signature="CreateContactWithPhone()[pri:0, instance:misc.SampleReportTest@1d296da]" started-at="2025-02-21T16:23:14 IST" name="CreateContactWithPhone" finished-at="2025-02-21T16:23:14 IST" duration-ms="3" status="PASS">
          <reporter-output>
          </reporter-output>
        </test-method> <!-- CreateContactWithPhone -->
        <test-method is-config="true" signature="configAS()[pri:0, instance:misc.SampleReportTest@1d296da]" started-at="2025-02-21T16:23:14 IST" name="configAS" finished-at="2025-02-21T16:23:15 IST" duration-ms="532" status="PASS">
          <reporter-output>
          </reporter-output>
        </test-method> <!-- configAS -->
      </class> <!-- misc.SampleReportTest -->
    </test> <!-- Default test -->
  </suite> <!-- Default suite -->
</testng-results>
