<?xml version="1.0" encoding="UTF-8"?>
<!-- Generated by org.testng.reporters.JUnitReportReporter -->
<testsuite hostname="Abhishek" failures="0" tests="2" name="com.comcast.crm.orgtest.Annotations_ContactTest" time="0.068" errors="0" timestamp="2025-03-03T12:15:32 IST" skipped="0">
  <testcase classname="com.comcast.crm.orgtest.Annotations_ContactTest" name="createContact" time="0.062"/>
  <testcase classname="com.comcast.crm.orgtest.Annotations_ContactTest" name="createContactWithDate" time="0.006"/>
</testsuite> <!-- com.comcast.crm.orgtest.Annotations_ContactTest -->
