<?xml version="1.0" encoding="UTF-8"?>
<!-- Generated by org.testng.reporters.JUnitReportReporter -->
<testsuite hostname="Abhishek" failures="0" tests="3" name="misc.SampleReportTest" time="0.006" errors="0" timestamp="2025-03-03T12:22:30 IST" skipped="0">
  <testcase classname="misc.SampleReportTest" name="CreateContactWithOrg" time="0.002"/>
  <testcase classname="misc.SampleReportTest" name="CreateContactWithPhone" time="0.002"/>
  <testcase classname="misc.SampleReportTest" name="CreateContactTest" time="0.002"/>
</testsuite> <!-- misc.SampleReportTest -->
