<?xml version="1.0" encoding="UTF-8"?>
<testsuite xmlns:xsi="http://www.w3.org/2001/XMLSchema-instance" xsi:noNamespaceSchemaLocation="https://maven.apache.org/surefire/maven-surefire-plugin/xsd/surefire-test-report-3.0.xsd" version="3.0" name="TestSuite" time="63.614" tests="11" errors="0" skipped="0" failures="1">
  <properties>
[...]
</properties>
  <testcase name="createContact" classname="com.comcast.crm.orgtest.Annotations_ContactTest" time="0.01">
    <system-out><![CDATA[Report Configuration
======Connect to database======
execute BS
execute BS
execute BC
execute BM
====>createContact>==== START ====
execute createContact 
]]></system-out>
    <system-err><![CDATA[SLF4J: Failed to load class "org.slf4j.impl.StaticLoggerBinder".
SLF4J: Defaulting to no-operation (NOP) logger implementation
SLF4J: See http://www.slf4j.org/codes.html#StaticLoggerBinder for further details.
Mar 03, 2025 12:14:30 PM io.opentelemetry.api.GlobalOpenTelemetry maybeAutoConfigureAndSetGlobal
INFO: AutoConfiguredOpenTelemetrySdk found on classpath but automatic configuration is disabled. To enable, run your JVM with -Dotel.java.global-autoconfigure.enabled=true
]]></system-err>
  </testcase>
  <testcase name="createContactWithDate" classname="com.comcast.crm.orgtest.Annotations_ContactTest" time="0.007">
    <system-out><![CDATA[====>createContact>==== END =====
execute AM
execute BM
====>createContactWithDate>==== START ====
execute createContactWithDate
]]></system-out>
  </testcase>
  <testcase name="createOrg" classname="com.comcast.crm.orgtest.Annotations_OrgTest" time="0.001">
    <system-out><![CDATA[====>createContactWithDate>==== END =====
execute AM
execute AC
execute BC
execute BM
====>createOrg>==== START ====
execute createOrg 
]]></system-out>
  </testcase>
  <testcase name="createOrgWithIndustries" classname="com.comcast.crm.orgtest.Annotations_OrgTest" time="0.005">
    <system-out><![CDATA[====>createOrg>==== END =====
execute AM
execute BM
====>createOrgWithIndustries>==== START ====
execute createOrgWithIndustries
]]></system-out>
  </testcase>
  <testcase name="Homepagetest[public void misc.HomeVerificationTest.Homepagetest(java.lang.reflect.Method)](1)" classname="misc.HomeVerificationTest" time="24.849">
    <system-out><![CDATA[====>createOrgWithIndustries>==== END =====
execute AM
execute AC
====>Homepagetest>==== START ====
HomepagetestTest Start
HomepagetestTest End
]]></system-out>
    <system-err><![CDATA[Mar 03, 2025 12:14:36 PM org.openqa.selenium.devtools.CdpVersionFinder findNearestMatch
WARNING: Unable to find an exact match for CDP version 133, returning the closest version; found: 131; Please update to a Selenium version that supports CDP version 133
Mar 03, 2025 12:14:56 PM org.openqa.selenium.remote.http.WebSocket$Listener onError
WARNING: Connection reset
java.net.SocketException: Connection reset
	at java.base/sun.nio.ch.SocketChannelImpl.throwConnectionReset(SocketChannelImpl.java:394)
	at java.base/sun.nio.ch.SocketChannelImpl.read(SocketChannelImpl.java:426)
	at java.net.http/jdk.internal.net.http.SocketTube.readAvailable(SocketTube.java:1170)
	at java.net.http/jdk.internal.net.http.SocketTube$InternalReadPublisher$InternalReadSubscription.read(SocketTube.java:833)
	at java.net.http/jdk.internal.net.http.SocketTube$SocketFlowTask.run(SocketTube.java:181)
	at java.net.http/jdk.internal.net.http.common.SequentialScheduler$SchedulableTask.run(SequentialScheduler.java:230)
	at java.net.http/jdk.internal.net.http.common.SequentialScheduler.runOrSchedule(SequentialScheduler.java:303)
	at java.net.http/jdk.internal.net.http.common.SequentialScheduler.runOrSchedule(SequentialScheduler.java:256)
	at java.net.http/jdk.internal.net.http.SocketTube$InternalReadPublisher$InternalReadSubscription.signalReadable(SocketTube.java:774)
	at java.net.http/jdk.internal.net.http.SocketTube$InternalReadPublisher$ReadEvent.signalEvent(SocketTube.java:957)
	at java.net.http/jdk.internal.net.http.SocketTube$SocketFlowEvent.handle(SocketTube.java:253)
	at java.net.http/jdk.internal.net.http.HttpClientImpl$SelectorManager.handleEvent(HttpClientImpl.java:982)
	at java.net.http/jdk.internal.net.http.HttpClientImpl$SelectorManager.lambda$run$3(HttpClientImpl.java:937)
	at java.base/java.util.ArrayList.forEach(ArrayList.java:1511)
	at java.net.http/jdk.internal.net.http.HttpClientImpl$SelectorManager.run(HttpClientImpl.java:937)

]]></system-err>
  </testcase>
  <testcase name="verifylogo[public void misc.HomeVerificationTest.verifylogo(java.lang.reflect.Method)](1)" classname="misc.HomeVerificationTest" time="9.283">
    <system-out><![CDATA[====>Homepagetest>==== END =====
====>verifylogo>==== START ====
verifylogoTest Start
verifylogoTest End
]]></system-out>
    <system-err><![CDATA[Mar 03, 2025 12:14:58 PM org.openqa.selenium.devtools.CdpVersionFinder findNearestMatch
WARNING: Unable to find an exact match for CDP version 133, returning the closest version; found: 131; Please update to a Selenium version that supports CDP version 133
Mar 03, 2025 12:15:05 PM org.openqa.selenium.remote.http.WebSocket$Listener onError
WARNING: Connection reset
java.net.SocketException: Connection reset
	at java.base/sun.nio.ch.SocketChannelImpl.throwConnectionReset(SocketChannelImpl.java:394)
	at java.base/sun.nio.ch.SocketChannelImpl.read(SocketChannelImpl.java:426)
	at java.net.http/jdk.internal.net.http.SocketTube.readAvailable(SocketTube.java:1170)
	at java.net.http/jdk.internal.net.http.SocketTube$InternalReadPublisher$InternalReadSubscription.read(SocketTube.java:833)
	at java.net.http/jdk.internal.net.http.SocketTube$SocketFlowTask.run(SocketTube.java:181)
	at java.net.http/jdk.internal.net.http.common.SequentialScheduler$SchedulableTask.run(SequentialScheduler.java:230)
	at java.net.http/jdk.internal.net.http.common.SequentialScheduler.runOrSchedule(SequentialScheduler.java:303)
	at java.net.http/jdk.internal.net.http.common.SequentialScheduler.runOrSchedule(SequentialScheduler.java:256)
	at java.net.http/jdk.internal.net.http.SocketTube$InternalReadPublisher$InternalReadSubscription.signalReadable(SocketTube.java:774)
	at java.net.http/jdk.internal.net.http.SocketTube$InternalReadPublisher$ReadEvent.signalEvent(SocketTube.java:957)
	at java.net.http/jdk.internal.net.http.SocketTube$SocketFlowEvent.handle(SocketTube.java:253)
	at java.net.http/jdk.internal.net.http.HttpClientImpl$SelectorManager.handleEvent(HttpClientImpl.java:982)
	at java.net.http/jdk.internal.net.http.HttpClientImpl$SelectorManager.lambda$run$3(HttpClientImpl.java:937)
	at java.base/java.util.ArrayList.forEach(ArrayList.java:1511)
	at java.net.http/jdk.internal.net.http.HttpClientImpl$SelectorManager.run(HttpClientImpl.java:937)

]]></system-err>
  </testcase>
  <testcase name="createInvoiceTest" classname="misc.InvoiceTest" time="0.111">
    <failure message="expected [Login] but found [Administrator - Home - vtiger CRM 5 - Commercial Open Source CRM]" type="java.lang.AssertionError"><![CDATA[java.lang.AssertionError: expected [Login] but found [Administrator - Home - vtiger CRM 5 - Commercial Open Source CRM]
	at org.testng.Assert.fail(Assert.java:111)
	at org.testng.Assert.failNotEquals(Assert.java:1578)
	at org.testng.Assert.assertEqualsImpl(Assert.java:150)
	at org.testng.Assert.assertEquals(Assert.java:132)
	at org.testng.Assert.assertEquals(Assert.java:656)
	at org.testng.Assert.assertEquals(Assert.java:666)
	at misc.InvoiceTest.createInvoiceTest(InvoiceTest.java:16)
	at java.base/jdk.internal.reflect.NativeMethodAccessorImpl.invoke0(Native Method)
	at java.base/jdk.internal.reflect.NativeMethodAccessorImpl.invoke(NativeMethodAccessorImpl.java:77)
	at java.base/jdk.internal.reflect.DelegatingMethodAccessorImpl.invoke(DelegatingMethodAccessorImpl.java:43)
	at java.base/java.lang.reflect.Method.invoke(Method.java:568)
	at org.testng.internal.invokers.MethodInvocationHelper.invokeMethod(MethodInvocationHelper.java:141)
	at org.testng.internal.invokers.TestInvoker.invokeMethod(TestInvoker.java:686)
	at org.testng.internal.invokers.TestInvoker.invokeTestMethod(TestInvoker.java:230)
	at org.testng.internal.invokers.MethodRunner.runInSequence(MethodRunner.java:63)
	at org.testng.internal.invokers.TestInvoker$MethodInvocationAgent.invoke(TestInvoker.java:992)
	at org.testng.internal.invokers.TestInvoker.invokeTestMethods(TestInvoker.java:203)
	at org.testng.internal.invokers.TestMethodWorker.invokeTestMethods(TestMethodWorker.java:154)
	at org.testng.internal.invokers.TestMethodWorker.run(TestMethodWorker.java:134)
	at java.base/java.util.ArrayList.forEach(ArrayList.java:1511)
	at org.testng.TestRunner.privateRun(TestRunner.java:739)
	at org.testng.TestRunner.run(TestRunner.java:614)
	at org.testng.SuiteRunner.runTest(SuiteRunner.java:421)
	at org.testng.SuiteRunner.runSequentially(SuiteRunner.java:413)
	at org.testng.SuiteRunner.privateRun(SuiteRunner.java:373)
	at org.testng.SuiteRunner.run(SuiteRunner.java:312)
	at org.testng.SuiteRunnerWorker.runSuite(SuiteRunnerWorker.java:52)
	at org.testng.SuiteRunnerWorker.run(SuiteRunnerWorker.java:95)
	at org.testng.TestNG.runSuitesSequentially(TestNG.java:1274)
	at org.testng.TestNG.runSuitesLocally(TestNG.java:1208)
	at org.testng.TestNG.runSuites(TestNG.java:1112)
	at org.testng.TestNG.run(TestNG.java:1079)
	at org.apache.maven.surefire.testng.TestNGExecutor.run(TestNGExecutor.java:155)
	at org.apache.maven.surefire.testng.TestNGDirectoryTestSuite.executeMulti(TestNGDirectoryTestSuite.java:169)
	at org.apache.maven.surefire.testng.TestNGDirectoryTestSuite.execute(TestNGDirectoryTestSuite.java:88)
	at org.apache.maven.surefire.testng.TestNGProvider.invoke(TestNGProvider.java:137)
	at org.apache.maven.surefire.booter.ForkedBooter.runSuitesInProcess(ForkedBooter.java:385)
	at org.apache.maven.surefire.booter.ForkedBooter.execute(ForkedBooter.java:162)
	at org.apache.maven.surefire.booter.ForkedBooter.run(ForkedBooter.java:507)
	at org.apache.maven.surefire.booter.ForkedBooter.main(ForkedBooter.java:495)
]]></failure>
    <system-out><![CDATA[====>verifylogo>==== END =====
======launch the brwoser======
======login======
====>createInvoiceTest>==== START ====
Execute createInvoiceTest
]]></system-out>
    <system-err><![CDATA[Mar 03, 2025 12:15:07 PM org.openqa.selenium.devtools.CdpVersionFinder findNearestMatch
WARNING: Unable to find an exact match for CDP version 133, returning the closest version; found: 131; Please update to a Selenium version that supports CDP version 133
]]></system-err>
  </testcase>
  <testcase name="createInvoicewithContactTest" classname="misc.InvoiceTest" time="0.519">
    <system-out><![CDATA[======logout======
======login======
====>createInvoicewithContactTest>==== START ====
Execute createInvoicewithContactTest
step-1
step-2
step-3
step-4
]]></system-out>
  </testcase>
  <testcase name="CreateContactTest" classname="misc.SampleReportTest" time="0.002">
    <system-out><![CDATA[====>createInvoicewithContactTest>==== END =====
======logout======
======close the browser======
====>CreateContactTest>==== START ====
]]></system-out>
  </testcase>
  <testcase name="CreateContactWithOrg" classname="misc.SampleReportTest" time="0.005">
    <system-out><![CDATA[====>CreateContactTest>==== END =====
====>CreateContactWithOrg>==== START ====
]]></system-out>
  </testcase>
  <testcase name="CreateContactWithPhone" classname="misc.SampleReportTest" time="0.0">
    <system-out><![CDATA[====>CreateContactWithOrg>==== END =====
====>CreateContactWithPhone>==== START ====
]]></system-out>
  </testcase>
</testsuite>