<?xml version="1.0" encoding="UTF-8"?>
<testng-results ignored="0" total="11" passed="11" failed="0" skipped="0">
  <reporter-output>
  </reporter-output>
  <suite started-at="2025-03-03T12:21:48 IST" name="Surefire suite" finished-at="2025-03-03T12:22:29 IST" duration-ms="41636">
    <groups>
    </groups>
    <test started-at="2025-03-03T12:21:48 IST" name="Surefire test" finished-at="2025-03-03T12:22:29 IST" duration-ms="41636">
      <class name="misc.InvoiceTest">
        <test-method is-config="true" signature="configBS()[pri:0, instance:misc.InvoiceTest@e056f20]" started-at="2025-03-03T12:21:47 IST" name="configBS" finished-at="2025-03-03T12:21:48 IST" duration-ms="569" status="PASS">
          <reporter-output>
          </reporter-output>
        </test-method> <!-- configBS -->
        <test-method is-config="true" signature="configBC()[pri:0, instance:misc.InvoiceTest@e056f20]" started-at="2025-03-03T12:22:06 IST" name="configBC" finished-at="2025-03-03T12:22:08 IST" duration-ms="2051" status="PASS">
          <reporter-output>
          </reporter-output>
        </test-method> <!-- configBC -->
        <test-method is-config="true" signature="configBM()[pri:0, instance:misc.InvoiceTest@e056f20]" started-at="2025-03-03T12:22:08 IST" name="configBM" finished-at="2025-03-03T12:22:14 IST" duration-ms="5605" status="PASS">
          <reporter-output>
          </reporter-output>
        </test-method> <!-- configBM -->
        <test-method signature="createInvoiceTest()[pri:0, instance:misc.InvoiceTest@e056f20]" started-at="2025-03-03T12:22:14 IST" name="createInvoiceTest" finished-at="2025-03-03T12:22:14 IST" duration-ms="118" status="PASS">
          <reporter-output>
          </reporter-output>
        </test-method> <!-- createInvoiceTest -->
        <test-method is-config="true" signature="configAM()[pri:0, instance:misc.InvoiceTest@e056f20]" started-at="2025-03-03T12:22:14 IST" name="configAM" finished-at="2025-03-03T12:22:20 IST" duration-ms="5519" status="PASS">
          <reporter-output>
          </reporter-output>
        </test-method> <!-- configAM -->
        <test-method is-config="true" signature="configBM()[pri:0, instance:misc.InvoiceTest@e056f20]" started-at="2025-03-03T12:22:20 IST" name="configBM" finished-at="2025-03-03T12:22:24 IST" duration-ms="4269" status="PASS">
          <reporter-output>
          </reporter-output>
        </test-method> <!-- configBM -->
        <test-method signature="createInvoicewithContactTest()[pri:0, instance:misc.InvoiceTest@e056f20]" started-at="2025-03-03T12:22:24 IST" name="createInvoicewithContactTest" finished-at="2025-03-03T12:22:24 IST" duration-ms="2" status="PASS">
          <reporter-output>
          </reporter-output>
        </test-method> <!-- createInvoicewithContactTest -->
        <test-method is-config="true" signature="configAM()[pri:0, instance:misc.InvoiceTest@e056f20]" started-at="2025-03-03T12:22:24 IST" name="configAM" finished-at="2025-03-03T12:22:29 IST" duration-ms="5252" status="PASS">
          <reporter-output>
          </reporter-output>
        </test-method> <!-- configAM -->
        <test-method is-config="true" signature="configAC()[pri:0, instance:misc.InvoiceTest@e056f20]" started-at="2025-03-03T12:22:29 IST" name="configAC" finished-at="2025-03-03T12:22:29 IST" duration-ms="326" status="PASS">
          <reporter-output>
          </reporter-output>
        </test-method> <!-- configAC -->
        <test-method is-config="true" signature="configAS()[pri:0, instance:misc.InvoiceTest@e056f20]" started-at="2025-03-03T12:22:30 IST" name="configAS" finished-at="2025-03-03T12:22:30 IST" duration-ms="22" status="PASS">
          <reporter-output>
          </reporter-output>
        </test-method> <!-- configAS -->
      </class> <!-- misc.InvoiceTest -->
      <class name="misc.HomeVerificationTest">
        <test-method signature="Homepagetest(java.lang.reflect.Method)[pri:0, instance:misc.HomeVerificationTest@70e8f8e]" started-at="2025-03-03T12:21:48 IST" name="Homepagetest" finished-at="2025-03-03T12:21:58 IST" duration-ms="9730" status="PASS">
          <params>
            <param index="0">
              <value>
                <![CDATA[public void misc.HomeVerificationTest.Homepagetest(java.lang.reflect.Method)]]>
              </value>
            </param>
          </params>
          <reporter-output>
          </reporter-output>
        </test-method> <!-- Homepagetest -->
        <test-method signature="verifylogo(java.lang.reflect.Method)[pri:0, instance:misc.HomeVerificationTest@70e8f8e]" started-at="2025-03-03T12:21:58 IST" name="verifylogo" finished-at="2025-03-03T12:22:06 IST" duration-ms="8494" status="PASS">
          <params>
            <param index="0">
              <value>
                <![CDATA[public void misc.HomeVerificationTest.verifylogo(java.lang.reflect.Method)]]>
              </value>
            </param>
          </params>
          <reporter-output>
          </reporter-output>
        </test-method> <!-- verifylogo -->
      </class> <!-- misc.HomeVerificationTest -->
      <class name="misc.SampleReportTest">
        <test-method is-config="true" signature="configBS()[pri:0, instance:misc.SampleReportTest@4b0b0854]" started-at="2025-03-03T12:21:48 IST" name="configBS" finished-at="2025-03-03T12:21:48 IST" duration-ms="2" status="PASS">
          <reporter-output>
          </reporter-output>
        </test-method> <!-- configBS -->
        <test-method signature="CreateContactTest()[pri:0, instance:misc.SampleReportTest@4b0b0854]" started-at="2025-03-03T12:22:29 IST" name="CreateContactTest" finished-at="2025-03-03T12:22:29 IST" duration-ms="2" status="PASS">
          <reporter-output>
          </reporter-output>
        </test-method> <!-- CreateContactTest -->
        <test-method signature="CreateContactWithOrg()[pri:0, instance:misc.SampleReportTest@4b0b0854]" started-at="2025-03-03T12:22:29 IST" name="CreateContactWithOrg" finished-at="2025-03-03T12:22:29 IST" duration-ms="2" status="PASS">
          <reporter-output>
          </reporter-output>
        </test-method> <!-- CreateContactWithOrg -->
        <test-method signature="CreateContactWithPhone()[pri:0, instance:misc.SampleReportTest@4b0b0854]" started-at="2025-03-03T12:22:29 IST" name="CreateContactWithPhone" finished-at="2025-03-03T12:22:29 IST" duration-ms="2" status="PASS">
          <reporter-output>
          </reporter-output>
        </test-method> <!-- CreateContactWithPhone -->
        <test-method is-config="true" signature="configAS()[pri:0, instance:misc.SampleReportTest@4b0b0854]" started-at="2025-03-03T12:22:30 IST" name="configAS" finished-at="2025-03-03T12:22:30 IST" duration-ms="628" status="PASS">
          <reporter-output>
          </reporter-output>
        </test-method> <!-- configAS -->
      </class> <!-- misc.SampleReportTest -->
      <class name="com.comcast.crm.orgtest.Annotations_OrgTest">
        <test-method is-config="true" signature="configBS()[pri:0, instance:com.comcast.crm.orgtest.Annotations_OrgTest@2e4b8173]" started-at="2025-03-03T12:21:48 IST" name="configBS" finished-at="2025-03-03T12:21:48 IST" duration-ms="1" status="PASS">
          <reporter-output>
          </reporter-output>
        </test-method> <!-- configBS -->
        <test-method is-config="true" signature="configBC()[pri:0, instance:com.comcast.crm.orgtest.Annotations_OrgTest@2e4b8173]" started-at="2025-03-03T12:21:48 IST" name="configBC" finished-at="2025-03-03T12:21:48 IST" duration-ms="1" status="PASS">
          <reporter-output>
          </reporter-output>
        </test-method> <!-- configBC -->
        <test-method is-config="true" signature="configBM()[pri:0, instance:com.comcast.crm.orgtest.Annotations_OrgTest@2e4b8173]" started-at="2025-03-03T12:21:48 IST" name="configBM" finished-at="2025-03-03T12:21:48 IST" duration-ms="1" status="PASS">
          <reporter-output>
          </reporter-output>
        </test-method> <!-- configBM -->
        <test-method signature="createOrg()[pri:0, instance:com.comcast.crm.orgtest.Annotations_OrgTest@2e4b8173]" started-at="2025-03-03T12:21:48 IST" name="createOrg" finished-at="2025-03-03T12:21:48 IST" duration-ms="7" status="PASS">
          <reporter-output>
          </reporter-output>
        </test-method> <!-- createOrg -->
        <test-method is-config="true" signature="configAM()[pri:0, instance:com.comcast.crm.orgtest.Annotations_OrgTest@2e4b8173]" started-at="2025-03-03T12:21:48 IST" name="configAM" finished-at="2025-03-03T12:21:48 IST" duration-ms="1" status="PASS">
          <reporter-output>
          </reporter-output>
        </test-method> <!-- configAM -->
        <test-method is-config="true" signature="configBM()[pri:0, instance:com.comcast.crm.orgtest.Annotations_OrgTest@2e4b8173]" started-at="2025-03-03T12:21:48 IST" name="configBM" finished-at="2025-03-03T12:21:48 IST" duration-ms="1" status="PASS">
          <reporter-output>
          </reporter-output>
        </test-method> <!-- configBM -->
        <test-method signature="createOrgWithIndustries()[pri:0, instance:com.comcast.crm.orgtest.Annotations_OrgTest@2e4b8173]" started-at="2025-03-03T12:21:48 IST" name="createOrgWithIndustries" finished-at="2025-03-03T12:21:48 IST" duration-ms="3" status="PASS">
          <reporter-output>
          </reporter-output>
        </test-method> <!-- createOrgWithIndustries -->
        <test-method is-config="true" signature="configAM()[pri:0, instance:com.comcast.crm.orgtest.Annotations_OrgTest@2e4b8173]" started-at="2025-03-03T12:21:48 IST" name="configAM" finished-at="2025-03-03T12:21:48 IST" duration-ms="1" status="PASS">
          <reporter-output>
          </reporter-output>
        </test-method> <!-- configAM -->
        <test-method is-config="true" signature="configAC()[pri:0, instance:com.comcast.crm.orgtest.Annotations_OrgTest@2e4b8173]" started-at="2025-03-03T12:21:48 IST" name="configAC" finished-at="2025-03-03T12:21:48 IST" duration-ms="1" status="PASS">
          <reporter-output>
          </reporter-output>
        </test-method> <!-- configAC -->
        <test-method is-config="true" signature="configAS()[pri:0, instance:com.comcast.crm.orgtest.Annotations_OrgTest@2e4b8173]" started-at="2025-03-03T12:22:30 IST" name="configAS" finished-at="2025-03-03T12:22:30 IST" duration-ms="1" status="PASS">
          <reporter-output>
          </reporter-output>
        </test-method> <!-- configAS -->
      </class> <!-- com.comcast.crm.orgtest.Annotations_OrgTest -->
      <class name="com.comcast.crm.orgtest.Annotations_ContactTest">
        <test-method is-config="true" signature="configBS()[pri:0, instance:com.comcast.crm.orgtest.Annotations_ContactTest@470f1802]" started-at="2025-03-03T12:21:48 IST" name="configBS" finished-at="2025-03-03T12:21:48 IST" duration-ms="2" status="PASS">
          <reporter-output>
          </reporter-output>
        </test-method> <!-- configBS -->
        <test-method is-config="true" signature="configBC()[pri:0, instance:com.comcast.crm.orgtest.Annotations_ContactTest@470f1802]" started-at="2025-03-03T12:21:48 IST" name="configBC" finished-at="2025-03-03T12:21:48 IST" duration-ms="2" status="PASS">
          <reporter-output>
          </reporter-output>
        </test-method> <!-- configBC -->
        <test-method is-config="true" signature="configBM()[pri:0, instance:com.comcast.crm.orgtest.Annotations_ContactTest@470f1802]" started-at="2025-03-03T12:21:48 IST" name="configBM" finished-at="2025-03-03T12:21:48 IST" duration-ms="1" status="PASS">
          <reporter-output>
          </reporter-output>
        </test-method> <!-- configBM -->
        <test-method signature="createContact()[pri:0, instance:com.comcast.crm.orgtest.Annotations_ContactTest@470f1802]" started-at="2025-03-03T12:21:48 IST" name="createContact" finished-at="2025-03-03T12:21:48 IST" duration-ms="41" status="PASS">
          <reporter-output>
          </reporter-output>
        </test-method> <!-- createContact -->
        <test-method is-config="true" signature="configAM()[pri:0, instance:com.comcast.crm.orgtest.Annotations_ContactTest@470f1802]" started-at="2025-03-03T12:21:48 IST" name="configAM" finished-at="2025-03-03T12:21:48 IST" duration-ms="1" status="PASS">
          <reporter-output>
          </reporter-output>
        </test-method> <!-- configAM -->
        <test-method is-config="true" signature="configBM()[pri:0, instance:com.comcast.crm.orgtest.Annotations_ContactTest@470f1802]" started-at="2025-03-03T12:21:48 IST" name="configBM" finished-at="2025-03-03T12:21:48 IST" duration-ms="1" status="PASS">
          <reporter-output>
          </reporter-output>
        </test-method> <!-- configBM -->
        <test-method signature="createContactWithDate()[pri:0, instance:com.comcast.crm.orgtest.Annotations_ContactTest@470f1802]" started-at="2025-03-03T12:21:48 IST" name="createContactWithDate" finished-at="2025-03-03T12:21:48 IST" duration-ms="2" status="PASS">
          <reporter-output>
          </reporter-output>
        </test-method> <!-- createContactWithDate -->
        <test-method is-config="true" signature="configAM()[pri:0, instance:com.comcast.crm.orgtest.Annotations_ContactTest@470f1802]" started-at="2025-03-03T12:21:48 IST" name="configAM" finished-at="2025-03-03T12:21:48 IST" duration-ms="0" status="PASS">
          <reporter-output>
          </reporter-output>
        </test-method> <!-- configAM -->
        <test-method is-config="true" signature="configAC()[pri:0, instance:com.comcast.crm.orgtest.Annotations_ContactTest@470f1802]" started-at="2025-03-03T12:21:48 IST" name="configAC" finished-at="2025-03-03T12:21:48 IST" duration-ms="2" status="PASS">
          <reporter-output>
          </reporter-output>
        </test-method> <!-- configAC -->
        <test-method is-config="true" signature="configAS()[pri:0, instance:com.comcast.crm.orgtest.Annotations_ContactTest@470f1802]" started-at="2025-03-03T12:22:30 IST" name="configAS" finished-at="2025-03-03T12:22:30 IST" duration-ms="0" status="PASS">
          <reporter-output>
          </reporter-output>
        </test-method> <!-- configAS -->
      </class> <!-- com.comcast.crm.orgtest.Annotations_ContactTest -->
    </test> <!-- Surefire test -->
  </suite> <!-- Surefire suite -->
</testng-results>
