<?xml version="1.0" encoding="UTF-8"?>
<!-- Generated by org.testng.reporters.JUnitXMLReporter -->
<testsuite ignored="0" hostname="Abhishek" failures="1" tests="2" name="Test" time="27.622" errors="0" timestamp="2025-02-21T15:15:16 IST">
  <testcase classname="misc.InvoiceTest" name="createInvoiceTest" time="0.105">
    <failure type="java.lang.AssertionError" message="expected [Login] but found [Administrator - Home - vtiger CRM 5 - Commercial Open Source CRM]">
      <![CDATA[java.lang.AssertionError: expected [Login] but found [Administrator - Home - vtiger CRM 5 - Commercial Open Source CRM]
at misc.InvoiceTest.createInvoiceTest(InvoiceTest.java:16)
at java.base/java.util.ArrayList.forEach(ArrayList.java:1511)
... Removed 33 stack frames]]>
    </failure>
  </testcase> <!-- createInvoiceTest -->
  <testcase classname="misc.InvoiceTest" name="createInvoicewithContactTest" time="0.004"/>
</testsuite> <!-- Test -->
