<?xml version="1.0" encoding="UTF-8"?>
<!-- Generated by org.testng.reporters.JUnitXMLReporter -->
<testsuite ignored="0" hostname="Abhishek" failures="1" tests="11" name="Surefire test" time="41.504" errors="0" timestamp="2025-03-03T12:19:33 IST">
  <testcase classname="com.comcast.crm.orgtest.Annotations_ContactTest" name="createContact" time="0.027"/>
  <testcase classname="com.comcast.crm.orgtest.Annotations_ContactTest" name="createContactWithDate" time="0.004"/>
  <testcase classname="com.comcast.crm.orgtest.Annotations_OrgTest" name="createOrg" time="0.004"/>
  <testcase classname="com.comcast.crm.orgtest.Annotations_OrgTest" name="createOrgWithIndustries" time="0.007"/>
  <testcase classname="misc.HomeVerificationTest" name="Homepagetest" time="9.918"/>
  <testcase classname="misc.HomeVerificationTest" name="verifylogo" time="8.463"/>
  <testcase classname="misc.InvoiceTest" name="createInvoiceTest" time="0.059">
    <failure type="java.lang.AssertionError" message="expected [Home] but found [Administrator - Home - vtiger CRM 5 - Commercial Open Source CRM]">
      <![CDATA[java.lang.AssertionError: expected [Home] but found [Administrator - Home - vtiger CRM 5 - Commercial Open Source CRM]
at misc.InvoiceTest.createInvoiceTest(InvoiceTest.java:16)
at java.base/java.util.ArrayList.forEach(ArrayList.java:1511)
... Removed 38 stack frames]]>
    </failure>
  </testcase> <!-- createInvoiceTest -->
  <testcase classname="misc.InvoiceTest" name="createInvoicewithContactTest" time="0.003"/>
  <testcase classname="misc.SampleReportTest" name="CreateContactTest" time="0.003"/>
  <testcase classname="misc.SampleReportTest" name="CreateContactWithOrg" time="0.001"/>
  <testcase classname="misc.SampleReportTest" name="CreateContactWithPhone" time="0.005"/>
</testsuite> <!-- Surefire test -->
