<?xml version="1.0" encoding="UTF-8"?>
<!-- Generated by org.testng.reporters.JUnitXMLReporter -->
<testsuite ignored="0" hostname="Abhishek" failures="1" tests="11" name="Surefire test" time="60.607" errors="0" timestamp="2025-03-03T12:15:31 IST">
  <testcase classname="com.comcast.crm.orgtest.Annotations_ContactTest" name="createContact" time="0.06"/>
  <testcase classname="com.comcast.crm.orgtest.Annotations_ContactTest" name="createContactWithDate" time="0.005"/>
  <testcase classname="com.comcast.crm.orgtest.Annotations_OrgTest" name="createOrg" time="0.005"/>
  <testcase classname="com.comcast.crm.orgtest.Annotations_OrgTest" name="createOrgWithIndustries" time="0.004"/>
  <testcase classname="misc.HomeVerificationTest" name="Homepagetest" time="24.995"/>
  <testcase classname="misc.HomeVerificationTest" name="verifylogo" time="9.309"/>
  <testcase classname="misc.InvoiceTest" name="createInvoiceTest" time="0.168">
    <failure type="java.lang.AssertionError" message="expected [Login] but found [Administrator - Home - vtiger CRM 5 - Commercial Open Source CRM]">
      <![CDATA[java.lang.AssertionError: expected [Login] but found [Administrator - Home - vtiger CRM 5 - Commercial Open Source CRM]
at misc.InvoiceTest.createInvoiceTest(InvoiceTest.java:16)
at java.base/java.util.ArrayList.forEach(ArrayList.java:1511)
... Removed 38 stack frames]]>
    </failure>
  </testcase> <!-- createInvoiceTest -->
  <testcase classname="misc.InvoiceTest" name="createInvoicewithContactTest" time="0.002"/>
  <testcase classname="misc.SampleReportTest" name="CreateContactTest" time="0.019"/>
  <testcase classname="misc.SampleReportTest" name="CreateContactWithOrg" time="0.004"/>
  <testcase classname="misc.SampleReportTest" name="CreateContactWithPhone" time="0.012"/>
</testsuite> <!-- Surefire test -->
