<?xml version="1.0" encoding="UTF-8"?>
<!-- Generated by org.testng.reporters.JUnitXMLReporter -->
<testsuite ignored="0" hostname="Abhishek" failures="0" tests="11" name="Surefire test" time="41.636" errors="0" timestamp="2025-03-03T12:22:29 IST">
  <testcase classname="com.comcast.crm.orgtest.Annotations_ContactTest" name="createContact" time="0.041"/>
  <testcase classname="com.comcast.crm.orgtest.Annotations_ContactTest" name="createContactWithDate" time="0.002"/>
  <testcase classname="com.comcast.crm.orgtest.Annotations_OrgTest" name="createOrg" time="0.007"/>
  <testcase classname="com.comcast.crm.orgtest.Annotations_OrgTest" name="createOrgWithIndustries" time="0.003"/>
  <testcase classname="misc.HomeVerificationTest" name="Homepagetest" time="9.73"/>
  <testcase classname="misc.HomeVerificationTest" name="verifylogo" time="8.494"/>
  <testcase classname="misc.InvoiceTest" name="createInvoiceTest" time="0.118"/>
  <testcase classname="misc.InvoiceTest" name="createInvoicewithContactTest" time="0.002"/>
  <testcase classname="misc.SampleReportTest" name="CreateContactTest" time="0.002"/>
  <testcase classname="misc.SampleReportTest" name="CreateContactWithOrg" time="0.002"/>
  <testcase classname="misc.SampleReportTest" name="CreateContactWithPhone" time="0.002"/>
</testsuite> <!-- Surefire test -->
