<?xml version="1.0" encoding="UTF-8"?>
<!-- Generated by org.testng.reporters.JUnitReportReporter -->
<testsuite hostname="Abhishek" failures="0" tests="2" name="com.crm.generic.baseutility.CreateOrgTest" time="0.039" errors="0" timestamp="2025-02-15T13:04:12 IST" skipped="0">
  <testcase classname="com.crm.generic.baseutility.CreateOrgTest" name="createorgWithIndustry" time="0.013"/>
  <testcase classname="com.crm.generic.baseutility.CreateOrgTest" name="createOrgtest" time="0.026"/>
</testsuite> <!-- com.crm.generic.baseutility.CreateOrgTest -->
