<?xml version="1.0" encoding="UTF-8"?>
<!-- Generated by org.testng.reporters.JUnitReportReporter -->
<testsuite hostname="Abhishek" failures="0" tests="4" name="com.crm.generic.baseutility.Multiple_browser" time="30.330" errors="0" timestamp="2025-02-17T11:04:50 IST" skipped="0">
  <testcase classname="com.crm.generic.baseutility.Multiple_browser" name="demo" time="9.646"/>
  <testcase classname="com.crm.generic.baseutility.Multiple_browser" name="demo" time="7.133"/>
  <testcase classname="com.crm.generic.baseutility.Multiple_browser" name="demo" time="7.268"/>
  <testcase classname="com.crm.generic.baseutility.Multiple_browser" name="demo" time="6.283"/>
</testsuite> <!-- com.crm.generic.baseutility.Multiple_browser -->
