<?xml version="1.0" encoding="UTF-8"?>
<!-- Generated by org.testng.reporters.JUnitReportReporter -->
<testsuite hostname="Abhishek" failures="0" tests="3" name="com.crm.comcast.test.GetProductInfoProduct" time="49.206" errors="0" timestamp="2025-02-14T18:13:01 IST" skipped="0">
  <testcase classname="com.crm.comcast.test.GetProductInfoProduct" name="getproductinfoTest" time="17.235"/>
  <testcase classname="com.crm.comcast.test.GetProductInfoProduct" name="getproductinfoTest" time="15.603"/>
  <testcase classname="com.crm.comcast.test.GetProductInfoProduct" name="getproductinfoTest" time="16.368"/>
</testsuite> <!-- com.crm.comcast.test.GetProductInfoProduct -->
