<?xml version="1.0" encoding="UTF-8"?>
<!-- Generated by org.testng.reporters.JUnitReportReporter -->
<testsuite hostname="Abhishek" failures="0" tests="2" name="com.crm.comcast.test.GetProductInfoProduct2" time="35.657" errors="0" timestamp="2025-02-15T11:14:56 IST" skipped="0">
  <testcase classname="com.crm.comcast.test.GetProductInfoProduct2" name="getproductinfoTest" time="19.359"/>
  <testcase classname="com.crm.comcast.test.GetProductInfoProduct2" name="getproductinfoTest" time="16.298"/>
</testsuite> <!-- com.crm.comcast.test.GetProductInfoProduct2 -->
