<?xml version="1.0" encoding="UTF-8"?>
<!-- Generated by org.testng.reporters.JUnitReportReporter -->
<testsuite hostname="Abhishek" failures="0" tests="2" name="com.crm.generic.baseutility.CreateContactTest" time="0.029" errors="0" timestamp="2025-02-15T13:04:12 IST" skipped="0">
  <testcase classname="com.crm.generic.baseutility.CreateContactTest" name="createContactWithDate" time="0.007"/>
  <testcase classname="com.crm.generic.baseutility.CreateContactTest" name="createContact" time="0.022"/>
</testsuite> <!-- com.crm.generic.baseutility.CreateContactTest -->
