<?xml version="1.0" encoding="UTF-8"?>
<!-- Generated by org.testng.reporters.JUnitReportReporter -->
<testsuite hostname="Abhishek" failures="0" tests="2" name="com.comcast.crm.orgtest.Annotations_Test" time="0.034" errors="0" timestamp="2025-02-15T12:38:56 IST" skipped="0">
  <testcase classname="com.comcast.crm.orgtest.Annotations_Test" name="createContactWithDate" time="0.013"/>
  <testcase classname="com.comcast.crm.orgtest.Annotations_Test" name="createContact" time="0.021"/>
</testsuite> <!-- com.comcast.crm.orgtest.Annotations_Test -->
