<?xml version="1.0" encoding="UTF-8"?>
<!-- Generated by org.testng.reporters.JUnitReportReporter -->
<testsuite hostname="Abhishek" failures="0" tests="3" name="misc.SampleReportTest" time="0.035" errors="0" timestamp="2025-02-21T16:23:15 IST" skipped="0">
  <testcase classname="misc.SampleReportTest" name="CreateContactWithOrg" time="0.005"/>
  <testcase classname="misc.SampleReportTest" name="CreateContactWithPhone" time="0.003"/>
  <testcase classname="misc.SampleReportTest" name="CreateContactTest" time="0.027"/>
</testsuite> <!-- misc.SampleReportTest -->
