<?xml version="1.0" encoding="UTF-8"?>
<!-- Generated by org.testng.reporters.JUnitXMLReporter -->
<testsuite ignored="0" hostname="Abhishek" failures="0" tests="3" name="Default test" time="0.123" errors="0" timestamp="2025-02-21T16:23:14 IST">
  <testcase classname="misc.SampleReportTest" name="CreateContactTest" time="0.027"/>
  <testcase classname="misc.SampleReportTest" name="CreateContactWithOrg" time="0.005"/>
  <testcase classname="misc.SampleReportTest" name="CreateContactWithPhone" time="0.003"/>
</testsuite> <!-- Default test -->
